c:\users\nazake\desktop\onion\onion\x64\release\vc143.pdb
c:\users\nazake\desktop\onion\onion\x64\release\windowbase.obj
c:\users\nazake\desktop\onion\onion\x64\release\mainwindow.obj
c:\users\nazake\desktop\onion\onion\x64\release\style.obj
c:\users\nazake\desktop\onion\onion\x64\release\render.obj
c:\users\nazake\desktop\onion\onion\x64\release\manager.obj
c:\users\nazake\desktop\onion\onion\x64\release\entry.obj
c:\users\nazake\desktop\onion\onion\x64\release\imgui_widgets.obj
c:\users\nazake\desktop\onion\onion\x64\release\imgui_tables.obj
c:\users\nazake\desktop\onion\onion\x64\release\imgui_impl_win32.obj
c:\users\nazake\desktop\onion\onion\x64\release\imgui_impl_dx11.obj
c:\users\nazake\desktop\onion\onion\x64\release\imgui_draw.obj
c:\users\nazake\desktop\onion\onion\x64\release\imgui.obj
c:\users\nazake\desktop\onion\x64\release\onion.exe
c:\users\nazake\desktop\onion\x64\release\onion.pdb
c:\users\nazake\desktop\onion\onion\x64\release\onion.ipdb
c:\users\nazake\desktop\onion\onion\x64\release\onion.iobj
c:\users\nazake\desktop\onion\onion\x64\release\onion.tlog\cl.command.1.tlog
c:\users\nazake\desktop\onion\onion\x64\release\onion.tlog\cl.items.tlog
c:\users\nazake\desktop\onion\onion\x64\release\onion.tlog\cl.read.1.tlog
c:\users\nazake\desktop\onion\onion\x64\release\onion.tlog\cl.write.1.tlog
c:\users\nazake\desktop\onion\onion\x64\release\onion.tlog\link.command.1.tlog
c:\users\nazake\desktop\onion\onion\x64\release\onion.tlog\link.read.1.tlog
c:\users\nazake\desktop\onion\onion\x64\release\onion.tlog\link.secondary.1.tlog
c:\users\nazake\desktop\onion\onion\x64\release\onion.tlog\link.write.1.tlog
